<?xml version="1.0" encoding="UTF-8"?>
<!-- Generated by org.testng.reporters.JUnitReportReporter -->
<testsuite hostname="LAPTOP-SK1OSAKQ" failures="0" tests="2" name="runner.Runner" time="4.555" errors="0" timestamp="2024-01-23T20:26:33 IST" skipped="0">
  <testcase classname="runner.Runner" name="runScenario" time="1.655"/>
  <system-out/>
  <testcase classname="runner.Runner" name="runScenario" time="2.900"/>
  <system-out/>
</testsuite> <!-- runner.Runner -->
